build/app/intermediates/manifest_merge_blame_file/debug/manifest-merger-blame-debug-report.txt
1<?xml version="1.0" encoding="utf-8"?>
2<manifest xmlns:android="http://schemas.android.com/apk/res/android"
3    package="com.example.project"
4    android:versionCode="1"
5    android:versionName="1.0.0" >
6
7    <uses-sdk
8        android:minSdkVersion="21"
9        android:targetSdkVersion="31" />
10    <!--
11         Flutter needs it to communicate with the running application
12         to allow setting breakpoints, to provide hot reload, etc.
13    -->
14    <uses-permission android:name="android.permission.INTERNET" />
14-->src\debug\AndroidManifest.xml:6:5-66
14-->src\debug\AndroidManifest.xml:6:22-64
15    <uses-permission android:name="android.permission.ACCESS_FINE_LOCATION" />
15-->src\main\AndroidManifest.xml:3:5-79
15-->src\main\AndroidManifest.xml:3:22-76
16    <uses-permission android:name="android.permission.ACCESS_COARSE_LOCATION" />
16-->src\main\AndroidManifest.xml:4:5-81
16-->src\main\AndroidManifest.xml:4:22-78
17    <uses-permission android:name="android.permission.WAKE_LOCK" />
17-->[:firebase_messaging] AndroidManifest.xml:8:5-68
17-->[:firebase_messaging] AndroidManifest.xml:8:22-65
18    <uses-permission android:name="android.permission.ACCESS_NETWORK_STATE" />
18-->[:firebase_messaging] AndroidManifest.xml:9:5-79
18-->[:firebase_messaging] AndroidManifest.xml:9:22-76
19    <uses-permission android:name="android.permission.FOREGROUND_SERVICE" />
19-->[:geolocator_android] AndroidManifest.xml:7:5-77
19-->[:geolocator_android] AndroidManifest.xml:7:22-74
20    <uses-permission android:name="android.permission.QUERY_ALL_PACKAGES" /> <!-- Required by older versions of Google Play services to create IID tokens -->
20-->[:external_app_launcher] AndroidManifest.xml:7:5-77
20-->[:external_app_launcher] AndroidManifest.xml:7:22-74
21    <uses-permission android:name="com.google.android.c2dm.permission.RECEIVE" />
21-->[com.google.firebase:firebase-messaging:23.0.5] AndroidManifest.xml:28:5-82
21-->[com.google.firebase:firebase-messaging:23.0.5] AndroidManifest.xml:28:22-79
22    <uses-permission android:name="com.google.android.gms.permission.AD_ID" />
22-->[com.google.android.gms:play-services-measurement-api:21.0.0] AndroidManifest.xml:25:5-79
22-->[com.google.android.gms:play-services-measurement-api:21.0.0] AndroidManifest.xml:25:22-76
23
24    <uses-feature
24-->[com.google.android.gms:play-services-maps:18.0.2] AndroidManifest.xml:26:5-28:35
25        android:glEsVersion="0x00020000"
25-->[com.google.android.gms:play-services-maps:18.0.2] AndroidManifest.xml:27:9-41
26        android:required="true" />
26-->[com.google.android.gms:play-services-maps:18.0.2] AndroidManifest.xml:28:9-32
27
28    <queries>
28-->[com.google.android.gms:play-services-maps:18.0.2] AndroidManifest.xml:30:5-34:15
29
30        <!-- Needs to be explicitly declared on Android R+ -->
31        <package android:name="com.google.android.apps.maps" />
31-->[com.google.android.gms:play-services-maps:18.0.2] AndroidManifest.xml:33:9-64
31-->[com.google.android.gms:play-services-maps:18.0.2] AndroidManifest.xml:33:18-61
32    </queries>
33
34    <uses-permission android:name="com.google.android.finsky.permission.BIND_GET_INSTALL_REFERRER_SERVICE" />
34-->[com.google.android.gms:play-services-measurement:21.0.0] AndroidManifest.xml:26:5-110
34-->[com.google.android.gms:play-services-measurement:21.0.0] AndroidManifest.xml:26:22-107
35
36    <application
37        android:name="android.app.Application"
38        android:appComponentFactory="androidx.core.app.CoreComponentFactory"
38-->[androidx.core:core:1.8.0] AndroidManifest.xml:24:18-86
39        android:debuggable="true"
40        android:icon="@mipmap/ic_launcher"
41        android:label="NICU" >
42        <meta-data
43            android:name="com.google.android.geo.API_KEY"
44            android:value="AIzaSyCE72on2xFyiR8_S0oxh3FxSfNFp0cvBZ4" />
45
46        <activity
47            android:name="com.example.project.MainActivity"
48            android:configChanges="orientation|keyboardHidden|keyboard|screenSize|smallestScreenSize|locale|layoutDirection|fontScale|screenLayout|density|uiMode"
49            android:exported="true"
50            android:hardwareAccelerated="true"
51            android:launchMode="singleTop"
52            android:theme="@style/LaunchTheme"
53            android:windowSoftInputMode="adjustResize" >
54
55            <!--
56                 Specifies an Android theme to apply to this Activity as soon as
57                 the Android process has started. This theme is visible to the user
58                 while the Flutter UI initializes. After that, this theme continues
59                 to determine the Window background behind the Flutter UI.
60            -->
61            <meta-data
62                android:name="io.flutter.embedding.android.NormalTheme"
63                android:resource="@style/NormalTheme" />
64
65            <intent-filter>
66                <action android:name="android.intent.action.MAIN" />
67
68                <category android:name="android.intent.category.LAUNCHER" />
69            </intent-filter>
70        </activity>
71
72        <!--
73             Don't delete the meta-data below.
74             This is used by the Flutter tool to generate GeneratedPluginRegistrant.java
75        -->
76        <meta-data
77            android:name="flutterEmbedding"
78            android:value="2" />
79
80        <service
80-->[:firebase_database] AndroidManifest.xml:8:9-12:19
81            android:name="com.google.firebase.components.ComponentDiscoveryService"
81-->[:firebase_database] AndroidManifest.xml:8:18-89
82            android:directBootAware="true"
82-->[com.google.firebase:firebase-common:20.1.1] AndroidManifest.xml:35:13-43
83            android:exported="false" >
83-->[com.google.firebase:firebase-messaging:23.0.5] AndroidManifest.xml:54:13-37
84            <meta-data
84-->[:firebase_database] AndroidManifest.xml:9:13-11:85
85                android:name="com.google.firebase.components:io.flutter.plugins.firebase.database.FlutterFirebaseAppRegistrar"
85-->[:firebase_database] AndroidManifest.xml:10:17-127
86                android:value="com.google.firebase.components.ComponentRegistrar" />
86-->[:firebase_database] AndroidManifest.xml:11:17-82
87            <meta-data
87-->[:cloud_firestore] AndroidManifest.xml:9:13-11:85
88                android:name="com.google.firebase.components:io.flutter.plugins.firebase.firestore.FlutterFirebaseFirestoreRegistrar"
88-->[:cloud_firestore] AndroidManifest.xml:10:17-134
89                android:value="com.google.firebase.components.ComponentRegistrar" />
89-->[:cloud_firestore] AndroidManifest.xml:11:17-82
90            <meta-data
90-->[:firebase_auth] AndroidManifest.xml:9:13-11:85
91                android:name="com.google.firebase.components:io.flutter.plugins.firebase.auth.FlutterFirebaseAuthRegistrar"
91-->[:firebase_auth] AndroidManifest.xml:10:17-124
92                android:value="com.google.firebase.components.ComponentRegistrar" />
92-->[:firebase_auth] AndroidManifest.xml:11:17-82
93            <meta-data
93-->[:firebase_storage] AndroidManifest.xml:9:13-11:85
94                android:name="com.google.firebase.components:io.flutter.plugins.firebase.storage.FlutterFirebaseAppRegistrar"
94-->[:firebase_storage] AndroidManifest.xml:10:17-126
95                android:value="com.google.firebase.components.ComponentRegistrar" />
95-->[:firebase_storage] AndroidManifest.xml:11:17-82
96            <meta-data
96-->[:firebase_messaging] AndroidManifest.xml:34:13-36:85
97                android:name="com.google.firebase.components:io.flutter.plugins.firebase.messaging.FlutterFirebaseAppRegistrar"
97-->[:firebase_messaging] AndroidManifest.xml:35:17-128
98                android:value="com.google.firebase.components.ComponentRegistrar" />
98-->[:firebase_messaging] AndroidManifest.xml:36:17-82
99            <meta-data
99-->[:firebase_core] AndroidManifest.xml:9:13-11:85
100                android:name="com.google.firebase.components:io.flutter.plugins.firebase.core.FlutterFirebaseCoreRegistrar"
100-->[:firebase_core] AndroidManifest.xml:10:17-124
101                android:value="com.google.firebase.components.ComponentRegistrar" />
101-->[:firebase_core] AndroidManifest.xml:11:17-82
102            <meta-data
102-->[com.google.firebase:firebase-messaging:23.0.5] AndroidManifest.xml:55:13-57:85
103                android:name="com.google.firebase.components:com.google.firebase.messaging.FirebaseMessagingRegistrar"
103-->[com.google.firebase:firebase-messaging:23.0.5] AndroidManifest.xml:56:17-119
104                android:value="com.google.firebase.components.ComponentRegistrar" />
104-->[com.google.firebase:firebase-messaging:23.0.5] AndroidManifest.xml:57:17-82
105            <meta-data
105-->[com.google.firebase:firebase-datatransport:18.1.4] AndroidManifest.xml:28:13-30:85
106                android:name="com.google.firebase.components:com.google.firebase.datatransport.TransportRegistrar"
106-->[com.google.firebase:firebase-datatransport:18.1.4] AndroidManifest.xml:29:17-115
107                android:value="com.google.firebase.components.ComponentRegistrar" />
107-->[com.google.firebase:firebase-datatransport:18.1.4] AndroidManifest.xml:30:17-82
108            <meta-data
108-->[com.google.firebase:firebase-auth:21.0.5] AndroidManifest.xml:67:13-69:85
109                android:name="com.google.firebase.components:com.google.firebase.auth.FirebaseAuthRegistrar"
109-->[com.google.firebase:firebase-auth:21.0.5] AndroidManifest.xml:68:17-109
110                android:value="com.google.firebase.components.ComponentRegistrar" />
110-->[com.google.firebase:firebase-auth:21.0.5] AndroidManifest.xml:69:17-82
111            <meta-data
111-->[com.google.firebase:firebase-firestore:24.1.2] AndroidManifest.xml:20:13-22:85
112                android:name="com.google.firebase.components:com.google.firebase.firestore.FirestoreRegistrar"
112-->[com.google.firebase:firebase-firestore:24.1.2] AndroidManifest.xml:21:17-111
113                android:value="com.google.firebase.components.ComponentRegistrar" />
113-->[com.google.firebase:firebase-firestore:24.1.2] AndroidManifest.xml:22:17-82
114            <meta-data
114-->[com.google.firebase:firebase-storage:20.0.1] AndroidManifest.xml:33:13-35:85
115                android:name="com.google.firebase.components:com.google.firebase.storage.StorageRegistrar"
115-->[com.google.firebase:firebase-storage:20.0.1] AndroidManifest.xml:34:17-107
116                android:value="com.google.firebase.components.ComponentRegistrar" />
116-->[com.google.firebase:firebase-storage:20.0.1] AndroidManifest.xml:35:17-82
117            <meta-data
117-->[com.google.firebase:firebase-database:20.0.5] AndroidManifest.xml:32:13-34:85
118                android:name="com.google.firebase.components:com.google.firebase.database.DatabaseRegistrar"
118-->[com.google.firebase:firebase-database:20.0.5] AndroidManifest.xml:33:17-109
119                android:value="com.google.firebase.components.ComponentRegistrar" />
119-->[com.google.firebase:firebase-database:20.0.5] AndroidManifest.xml:34:17-82
120            <meta-data
120-->[com.google.android.gms:play-services-measurement-api:21.0.0] AndroidManifest.xml:31:13-33:85
121                android:name="com.google.firebase.components:com.google.firebase.analytics.connector.internal.AnalyticsConnectorRegistrar"
121-->[com.google.android.gms:play-services-measurement-api:21.0.0] AndroidManifest.xml:32:17-139
122                android:value="com.google.firebase.components.ComponentRegistrar" />
122-->[com.google.android.gms:play-services-measurement-api:21.0.0] AndroidManifest.xml:33:17-82
123            <meta-data
123-->[com.google.firebase:firebase-installations:17.0.1] AndroidManifest.xml:18:13-20:85
124                android:name="com.google.firebase.components:com.google.firebase.installations.FirebaseInstallationsRegistrar"
124-->[com.google.firebase:firebase-installations:17.0.1] AndroidManifest.xml:19:17-127
125                android:value="com.google.firebase.components.ComponentRegistrar" />
125-->[com.google.firebase:firebase-installations:17.0.1] AndroidManifest.xml:20:17-82
126        </service>
127        <service
127-->[:firebase_messaging] AndroidManifest.xml:12:9-15:72
128            android:name="io.flutter.plugins.firebase.messaging.FlutterFirebaseMessagingBackgroundService"
128-->[:firebase_messaging] AndroidManifest.xml:13:13-107
129            android:exported="false"
129-->[:firebase_messaging] AndroidManifest.xml:14:13-37
130            android:permission="android.permission.BIND_JOB_SERVICE" />
130-->[:firebase_messaging] AndroidManifest.xml:15:13-69
131        <service
131-->[:firebase_messaging] AndroidManifest.xml:16:9-22:19
132            android:name="io.flutter.plugins.firebase.messaging.FlutterFirebaseMessagingService"
132-->[:firebase_messaging] AndroidManifest.xml:17:13-97
133            android:exported="false" >
133-->[:firebase_messaging] AndroidManifest.xml:18:13-37
134            <intent-filter>
134-->[:firebase_messaging] AndroidManifest.xml:19:13-21:29
135                <action android:name="com.google.firebase.MESSAGING_EVENT" />
135-->[:firebase_messaging] AndroidManifest.xml:20:17-78
135-->[:firebase_messaging] AndroidManifest.xml:20:25-75
136            </intent-filter>
137        </service>
138
139        <receiver
139-->[:firebase_messaging] AndroidManifest.xml:24:9-31:20
140            android:name="io.flutter.plugins.firebase.messaging.FlutterFirebaseMessagingReceiver"
140-->[:firebase_messaging] AndroidManifest.xml:25:13-98
141            android:exported="true"
141-->[:firebase_messaging] AndroidManifest.xml:26:13-36
142            android:permission="com.google.android.c2dm.permission.SEND" >
142-->[:firebase_messaging] AndroidManifest.xml:27:13-73
143            <intent-filter>
143-->[:firebase_messaging] AndroidManifest.xml:28:13-30:29
144                <action android:name="com.google.android.c2dm.intent.RECEIVE" />
144-->[:firebase_messaging] AndroidManifest.xml:29:17-81
144-->[:firebase_messaging] AndroidManifest.xml:29:25-78
145            </intent-filter>
146        </receiver>
147
148        <provider
148-->[:firebase_messaging] AndroidManifest.xml:39:9-43:38
149            android:name="io.flutter.plugins.firebase.messaging.FlutterFirebaseMessagingInitProvider"
149-->[:firebase_messaging] AndroidManifest.xml:40:13-102
150            android:authorities="com.example.project.flutterfirebasemessaginginitprovider"
150-->[:firebase_messaging] AndroidManifest.xml:41:13-88
151            android:exported="false"
151-->[:firebase_messaging] AndroidManifest.xml:42:13-37
152            android:initOrder="99" />
152-->[:firebase_messaging] AndroidManifest.xml:43:13-35
153
154        <service
154-->[:geolocator_android] AndroidManifest.xml:10:9-14:56
155            android:name="com.baseflow.geolocator.GeolocatorLocationService"
155-->[:geolocator_android] AndroidManifest.xml:11:13-77
156            android:enabled="true"
156-->[:geolocator_android] AndroidManifest.xml:12:13-35
157            android:exported="false"
157-->[:geolocator_android] AndroidManifest.xml:13:13-37
158            android:foregroundServiceType="location" />
158-->[:geolocator_android] AndroidManifest.xml:14:13-53
159
160        <provider
160-->[:image_picker_android] AndroidManifest.xml:8:9-16:20
161            android:name="io.flutter.plugins.imagepicker.ImagePickerFileProvider"
161-->[:image_picker_android] AndroidManifest.xml:9:13-82
162            android:authorities="com.example.project.flutter.image_provider"
162-->[:image_picker_android] AndroidManifest.xml:10:13-74
163            android:exported="false"
163-->[:image_picker_android] AndroidManifest.xml:11:13-37
164            android:grantUriPermissions="true" >
164-->[:image_picker_android] AndroidManifest.xml:12:13-47
165            <meta-data
165-->[:image_picker_android] AndroidManifest.xml:13:13-15:75
166                android:name="android.support.FILE_PROVIDER_PATHS"
166-->[:image_picker_android] AndroidManifest.xml:14:17-67
167                android:resource="@xml/flutter_image_picker_file_paths" />
167-->[:image_picker_android] AndroidManifest.xml:15:17-72
168        </provider>
169
170        <activity
170-->[:url_launcher_android] AndroidManifest.xml:8:9-11:74
171            android:name="io.flutter.plugins.urllauncher.WebViewActivity"
171-->[:url_launcher_android] AndroidManifest.xml:9:13-74
172            android:exported="false"
172-->[:url_launcher_android] AndroidManifest.xml:10:13-37
173            android:theme="@android:style/Theme.NoTitleBar.Fullscreen" />
173-->[:url_launcher_android] AndroidManifest.xml:11:13-71
174
175        <uses-library
175-->[androidx.window:window:1.0.0-beta04] AndroidManifest.xml:25:9-27:40
176            android:name="androidx.window.extensions"
176-->[androidx.window:window:1.0.0-beta04] AndroidManifest.xml:26:13-54
177            android:required="false" />
177-->[androidx.window:window:1.0.0-beta04] AndroidManifest.xml:27:13-37
178        <uses-library
178-->[androidx.window:window:1.0.0-beta04] AndroidManifest.xml:28:9-30:40
179            android:name="androidx.window.sidecar"
179-->[androidx.window:window:1.0.0-beta04] AndroidManifest.xml:29:13-51
180            android:required="false" />
180-->[androidx.window:window:1.0.0-beta04] AndroidManifest.xml:30:13-37
181
182        <receiver
182-->[com.google.firebase:firebase-messaging:23.0.5] AndroidManifest.xml:31:9-38:20
183            android:name="com.google.firebase.iid.FirebaseInstanceIdReceiver"
183-->[com.google.firebase:firebase-messaging:23.0.5] AndroidManifest.xml:32:13-78
184            android:exported="true"
184-->[com.google.firebase:firebase-messaging:23.0.5] AndroidManifest.xml:33:13-36
185            android:permission="com.google.android.c2dm.permission.SEND" >
185-->[com.google.firebase:firebase-messaging:23.0.5] AndroidManifest.xml:34:13-73
186            <intent-filter>
186-->[:firebase_messaging] AndroidManifest.xml:28:13-30:29
187                <action android:name="com.google.android.c2dm.intent.RECEIVE" />
187-->[:firebase_messaging] AndroidManifest.xml:29:17-81
187-->[:firebase_messaging] AndroidManifest.xml:29:25-78
188            </intent-filter>
189        </receiver>
190        <!--
191             FirebaseMessagingService performs security checks at runtime,
192             but set to not exported to explicitly avoid allowing another app to call it.
193        -->
194        <service
194-->[com.google.firebase:firebase-messaging:23.0.5] AndroidManifest.xml:44:9-51:19
195            android:name="com.google.firebase.messaging.FirebaseMessagingService"
195-->[com.google.firebase:firebase-messaging:23.0.5] AndroidManifest.xml:45:13-82
196            android:directBootAware="true"
196-->[com.google.firebase:firebase-messaging:23.0.5] AndroidManifest.xml:46:13-43
197            android:exported="false" >
197-->[com.google.firebase:firebase-messaging:23.0.5] AndroidManifest.xml:47:13-37
198            <intent-filter android:priority="-500" >
198-->[:firebase_messaging] AndroidManifest.xml:19:13-21:29
199                <action android:name="com.google.firebase.MESSAGING_EVENT" />
199-->[:firebase_messaging] AndroidManifest.xml:20:17-78
199-->[:firebase_messaging] AndroidManifest.xml:20:25-75
200            </intent-filter>
201        </service>
202        <service
202-->[com.google.android.datatransport:transport-backend-cct:3.1.5] AndroidManifest.xml:29:9-35:19
203            android:name="com.google.android.datatransport.runtime.backends.TransportBackendDiscovery"
203-->[com.google.android.datatransport:transport-backend-cct:3.1.5] AndroidManifest.xml:30:13-103
204            android:exported="false" >
204-->[com.google.android.datatransport:transport-backend-cct:3.1.5] AndroidManifest.xml:31:13-37
205            <meta-data
205-->[com.google.android.datatransport:transport-backend-cct:3.1.5] AndroidManifest.xml:32:13-34:39
206                android:name="backend:com.google.android.datatransport.cct.CctBackendFactory"
206-->[com.google.android.datatransport:transport-backend-cct:3.1.5] AndroidManifest.xml:33:17-94
207                android:value="cct" />
207-->[com.google.android.datatransport:transport-backend-cct:3.1.5] AndroidManifest.xml:34:17-36
208        </service>
209        <service
209-->[com.google.android.datatransport:transport-runtime:3.1.5] AndroidManifest.xml:26:9-30:19
210            android:name="com.google.android.datatransport.runtime.scheduling.jobscheduling.JobInfoSchedulerService"
210-->[com.google.android.datatransport:transport-runtime:3.1.5] AndroidManifest.xml:27:13-117
211            android:exported="false"
211-->[com.google.android.datatransport:transport-runtime:3.1.5] AndroidManifest.xml:28:13-37
212            android:permission="android.permission.BIND_JOB_SERVICE" >
212-->[com.google.android.datatransport:transport-runtime:3.1.5] AndroidManifest.xml:29:13-69
213        </service>
214
215        <receiver
215-->[com.google.android.datatransport:transport-runtime:3.1.5] AndroidManifest.xml:32:9-34:40
216            android:name="com.google.android.datatransport.runtime.scheduling.jobscheduling.AlarmManagerSchedulerBroadcastReceiver"
216-->[com.google.android.datatransport:transport-runtime:3.1.5] AndroidManifest.xml:33:13-132
217            android:exported="false" />
217-->[com.google.android.datatransport:transport-runtime:3.1.5] AndroidManifest.xml:34:13-37
218
219        <activity
219-->[com.google.firebase:firebase-auth:21.0.5] AndroidManifest.xml:27:9-44:20
220            android:name="com.google.firebase.auth.internal.GenericIdpActivity"
220-->[com.google.firebase:firebase-auth:21.0.5] AndroidManifest.xml:28:13-80
221            android:excludeFromRecents="true"
221-->[com.google.firebase:firebase-auth:21.0.5] AndroidManifest.xml:29:13-46
222            android:exported="true"
222-->[com.google.firebase:firebase-auth:21.0.5] AndroidManifest.xml:30:13-36
223            android:launchMode="singleTask"
223-->[com.google.firebase:firebase-auth:21.0.5] AndroidManifest.xml:31:13-44
224            android:theme="@android:style/Theme.Translucent.NoTitleBar" >
224-->[com.google.firebase:firebase-auth:21.0.5] AndroidManifest.xml:32:13-72
225            <intent-filter>
225-->[com.google.firebase:firebase-auth:21.0.5] AndroidManifest.xml:33:13-43:29
226                <action android:name="android.intent.action.VIEW" />
226-->[com.google.firebase:firebase-auth:21.0.5] AndroidManifest.xml:34:17-69
226-->[com.google.firebase:firebase-auth:21.0.5] AndroidManifest.xml:34:25-66
227
228                <category android:name="android.intent.category.DEFAULT" />
228-->[com.google.firebase:firebase-auth:21.0.5] AndroidManifest.xml:36:17-76
228-->[com.google.firebase:firebase-auth:21.0.5] AndroidManifest.xml:36:27-73
229                <category android:name="android.intent.category.BROWSABLE" />
229-->[com.google.firebase:firebase-auth:21.0.5] AndroidManifest.xml:37:17-78
229-->[com.google.firebase:firebase-auth:21.0.5] AndroidManifest.xml:37:27-75
230
231                <data
231-->[com.google.firebase:firebase-auth:21.0.5] AndroidManifest.xml:39:17-42:51
232                    android:host="firebase.auth"
232-->[com.google.firebase:firebase-auth:21.0.5] AndroidManifest.xml:40:21-49
233                    android:path="/"
233-->[com.google.firebase:firebase-auth:21.0.5] AndroidManifest.xml:41:21-37
234                    android:scheme="genericidp" />
234-->[com.google.firebase:firebase-auth:21.0.5] AndroidManifest.xml:42:21-48
235            </intent-filter>
236        </activity>
237        <activity
237-->[com.google.firebase:firebase-auth:21.0.5] AndroidManifest.xml:45:9-62:20
238            android:name="com.google.firebase.auth.internal.RecaptchaActivity"
238-->[com.google.firebase:firebase-auth:21.0.5] AndroidManifest.xml:46:13-79
239            android:excludeFromRecents="true"
239-->[com.google.firebase:firebase-auth:21.0.5] AndroidManifest.xml:47:13-46
240            android:exported="true"
240-->[com.google.firebase:firebase-auth:21.0.5] AndroidManifest.xml:48:13-36
241            android:launchMode="singleTask"
241-->[com.google.firebase:firebase-auth:21.0.5] AndroidManifest.xml:49:13-44
242            android:theme="@android:style/Theme.Translucent.NoTitleBar" >
242-->[com.google.firebase:firebase-auth:21.0.5] AndroidManifest.xml:50:13-72
243            <intent-filter>
243-->[com.google.firebase:firebase-auth:21.0.5] AndroidManifest.xml:51:13-61:29
244                <action android:name="android.intent.action.VIEW" />
244-->[com.google.firebase:firebase-auth:21.0.5] AndroidManifest.xml:34:17-69
244-->[com.google.firebase:firebase-auth:21.0.5] AndroidManifest.xml:34:25-66
245
246                <category android:name="android.intent.category.DEFAULT" />
246-->[com.google.firebase:firebase-auth:21.0.5] AndroidManifest.xml:36:17-76
246-->[com.google.firebase:firebase-auth:21.0.5] AndroidManifest.xml:36:27-73
247                <category android:name="android.intent.category.BROWSABLE" />
247-->[com.google.firebase:firebase-auth:21.0.5] AndroidManifest.xml:37:17-78
247-->[com.google.firebase:firebase-auth:21.0.5] AndroidManifest.xml:37:27-75
248
249                <data
249-->[com.google.firebase:firebase-auth:21.0.5] AndroidManifest.xml:39:17-42:51
250                    android:host="firebase.auth"
250-->[com.google.firebase:firebase-auth:21.0.5] AndroidManifest.xml:40:21-49
251                    android:path="/"
251-->[com.google.firebase:firebase-auth:21.0.5] AndroidManifest.xml:41:21-37
252                    android:scheme="recaptcha" />
252-->[com.google.firebase:firebase-auth:21.0.5] AndroidManifest.xml:42:21-48
253            </intent-filter>
254        </activity>
255
256        <provider
256-->[com.google.firebase:firebase-common:20.1.1] AndroidManifest.xml:26:9-31:39
257            android:name="com.google.firebase.provider.FirebaseInitProvider"
257-->[com.google.firebase:firebase-common:20.1.1] AndroidManifest.xml:27:13-77
258            android:authorities="com.example.project.firebaseinitprovider"
258-->[com.google.firebase:firebase-common:20.1.1] AndroidManifest.xml:28:13-72
259            android:directBootAware="true"
259-->[com.google.firebase:firebase-common:20.1.1] AndroidManifest.xml:29:13-43
260            android:exported="false"
260-->[com.google.firebase:firebase-common:20.1.1] AndroidManifest.xml:30:13-37
261            android:initOrder="100" /> <!-- Needs to be explicitly declared on P+ -->
261-->[com.google.firebase:firebase-common:20.1.1] AndroidManifest.xml:31:13-36
262        <uses-library
262-->[com.google.android.gms:play-services-maps:18.0.2] AndroidManifest.xml:39:9-41:40
263            android:name="org.apache.http.legacy"
263-->[com.google.android.gms:play-services-maps:18.0.2] AndroidManifest.xml:40:13-50
264            android:required="false" />
264-->[com.google.android.gms:play-services-maps:18.0.2] AndroidManifest.xml:41:13-37
265
266        <activity
266-->[com.google.android.gms:play-services-auth:20.0.1] AndroidManifest.xml:23:9-27:75
267            android:name="com.google.android.gms.auth.api.signin.internal.SignInHubActivity"
267-->[com.google.android.gms:play-services-auth:20.0.1] AndroidManifest.xml:24:13-93
268            android:excludeFromRecents="true"
268-->[com.google.android.gms:play-services-auth:20.0.1] AndroidManifest.xml:25:13-46
269            android:exported="false"
269-->[com.google.android.gms:play-services-auth:20.0.1] AndroidManifest.xml:26:13-37
270            android:theme="@android:style/Theme.Translucent.NoTitleBar" />
270-->[com.google.android.gms:play-services-auth:20.0.1] AndroidManifest.xml:27:13-72
271        <!--
272            Service handling Google Sign-In user revocation. For apps that do not integrate with
273            Google Sign-In, this service will never be started.
274        -->
275        <service
275-->[com.google.android.gms:play-services-auth:20.0.1] AndroidManifest.xml:33:9-37:51
276            android:name="com.google.android.gms.auth.api.signin.RevocationBoundService"
276-->[com.google.android.gms:play-services-auth:20.0.1] AndroidManifest.xml:34:13-89
277            android:exported="true"
277-->[com.google.android.gms:play-services-auth:20.0.1] AndroidManifest.xml:35:13-36
278            android:permission="com.google.android.gms.auth.api.signin.permission.REVOCATION_NOTIFICATION"
278-->[com.google.android.gms:play-services-auth:20.0.1] AndroidManifest.xml:36:13-107
279            android:visibleToInstantApps="true" />
279-->[com.google.android.gms:play-services-auth:20.0.1] AndroidManifest.xml:37:13-48
280
281        <receiver
281-->[com.google.android.gms:play-services-measurement:21.0.0] AndroidManifest.xml:29:9-33:20
282            android:name="com.google.android.gms.measurement.AppMeasurementReceiver"
282-->[com.google.android.gms:play-services-measurement:21.0.0] AndroidManifest.xml:30:13-85
283            android:enabled="true"
283-->[com.google.android.gms:play-services-measurement:21.0.0] AndroidManifest.xml:31:13-35
284            android:exported="false" >
284-->[com.google.android.gms:play-services-measurement:21.0.0] AndroidManifest.xml:32:13-37
285        </receiver>
286
287        <service
287-->[com.google.android.gms:play-services-measurement:21.0.0] AndroidManifest.xml:35:9-38:40
288            android:name="com.google.android.gms.measurement.AppMeasurementService"
288-->[com.google.android.gms:play-services-measurement:21.0.0] AndroidManifest.xml:36:13-84
289            android:enabled="true"
289-->[com.google.android.gms:play-services-measurement:21.0.0] AndroidManifest.xml:37:13-35
290            android:exported="false" />
290-->[com.google.android.gms:play-services-measurement:21.0.0] AndroidManifest.xml:38:13-37
291        <service
291-->[com.google.android.gms:play-services-measurement:21.0.0] AndroidManifest.xml:39:9-43:72